<?xml version="1.0" encoding="UTF-8"?>
<!-- Generated by org.testng.reporters.JUnitReportReporter -->
<testsuite skipped="0" hostname="CF-CLIDE" name="TestOMF" tests="4" failures="0" timestamp="2020-03-09T11:36:21 CAT" time="11.768" errors="0">
  <testcase name="HomeTest" time="7.234" classname="TestOMF"/>
  <testcase name="personalLoans" time="3.036" classname="TestOMF"/>
  <testcase name="validateAmounts" time="0.967" classname="TestOMF"/>
  <testcase name="validateBreakdown" time="0.531" classname="TestOMF"/>
</testsuite> <!-- TestOMF -->
